Vercel CLI 48.2.9
Retrieving project…
Deploying ebonidatings-projects/ebonidatin
Inspect: https://vercel.com/ebonidatings-projects/ebonidatin/JAqmoKfeAwr8FcQ6ePpiPEaMDQrk [4s]
Production: https://ebonidatin-6ftg6vidd-ebonidatings-projects.vercel.app [4s]
https://ebonidatin-6ftg6vidd-ebonidatings-projects.vercel.appQueued
Building
2025-11-01T14:10:59.524Z  Running build in Washington, D.C., USA (East) – iad1
2025-11-01T14:10:59.525Z  Build machine configuration: 2 cores, 8 GB
2025-11-01T14:10:59.534Z  Retrieving list of deployment files...
2025-11-01T14:10:59.537Z  Skipping build cache, deployment was triggered without cache.
2025-11-01T14:10:59.986Z  Downloading 228 deployment files...
2025-11-01T14:11:01.581Z  Running "vercel build"
2025-11-01T14:11:01.969Z  Vercel CLI 48.8.0
2025-11-01T14:11:02.441Z  Detected `pnpm-lock.yaml` 9 which may be generated by pnpm@9.x or pnpm@10.x
2025-11-01T14:11:02.443Z  Using pnpm@10.x based on project creation date
2025-11-01T14:11:02.443Z  To use pnpm@9.x, manually opt in using corepack (https://vercel.com/docs/deployments/configure-a-build#corepack)
2025-11-01T14:11:02.447Z  Running "install" command: `pnpm install --no-frozen-lockfile`...
2025-11-01T14:11:03.350Z  Progress: resolved 1, reused 0, downloaded 0, added 0
2025-11-01T14:11:04.351Z  Progress: resolved 28, reused 0, downloaded 27, added 0
2025-11-01T14:11:05.352Z  Progress: resolved 39, reused 0, downloaded 38, added 0
2025-11-01T14:11:06.353Z  Progress: resolved 43, reused 0, downloaded 42, added 0
2025-11-01T14:11:07.354Z  Progress: resolved 99, reused 0, downloaded 90, added 0
2025-11-01T14:11:08.355Z  Progress: resolved 156, reused 0, downloaded 146, added 0
2025-11-01T14:11:09.357Z  Progress: resolved 174, reused 0, downloaded 158, added 0
2025-11-01T14:11:10.359Z  Progress: resolved 200, reused 0, downloaded 168, added 0
2025-11-01T14:11:11.358Z  Progress: resolved 269, reused 0, downloaded 235, added 0
2025-11-01T14:11:12.367Z  Progress: resolved 393, reused 0, downloaded 339, added 0
2025-11-01T14:11:13.399Z  Progress: resolved 503, reused 0, downloaded 434, added 0
2025-11-01T14:11:13.550Z  Packages: +452
2025-11-01T14:11:13.551Z  ++++++++++++++++++++++++++++++++++++++++++++++++++++++++++++++++++++++++++++++++
2025-11-01T14:11:14.400Z  Progress: resolved 506, reused 0, downloaded 452, added 188
2025-11-01T14:11:15.400Z  Progress: resolved 506, reused 0, downloaded 452, added 326
2025-11-01T14:11:16.401Z  Progress: resolved 506, reused 0, downloaded 452, added 368
2025-11-01T14:11:17.340Z  Progress: resolved 506, reused 0, downloaded 452, added 452, done
2025-11-01T14:11:18.037Z  
2025-11-01T14:11:18.038Z  dependencies:
2025-11-01T14:11:18.038Z  + @radix-ui/react-avatar 1.1.10
2025-11-01T14:11:18.039Z  + @radix-ui/react-checkbox 1.3.3
2025-11-01T14:11:18.039Z  + @radix-ui/react-dialog 1.1.15
2025-11-01T14:11:18.039Z  + @radix-ui/react-dropdown-menu 2.1.16
2025-11-01T14:11:18.039Z  + @radix-ui/react-label 2.1.7
2025-11-01T14:11:18.039Z  + @radix-ui/react-popover 1.1.15
2025-11-01T14:11:18.040Z  + @radix-ui/react-scroll-area 1.2.10
2025-11-01T14:11:18.040Z  + @radix-ui/react-select 2.2.6
2025-11-01T14:11:18.040Z  + @radix-ui/react-separator 1.1.7
2025-11-01T14:11:18.040Z  + @radix-ui/react-slot 1.2.3
2025-11-01T14:11:18.040Z  + @radix-ui/react-switch 1.2.6
2025-11-01T14:11:18.040Z  + @radix-ui/react-tabs 1.1.13
2025-11-01T14:11:18.040Z  + @radix-ui/react-tooltip 1.2.8
2025-11-01T14:11:18.041Z  + @sentry/nextjs 10.22.0
2025-11-01T14:11:18.041Z  + @supabase/ssr 0.7.0
2025-11-01T14:11:18.041Z  + @supabase/supabase-js 2.78.0
2025-11-01T14:11:18.041Z  + @vercel/analytics 1.5.0
2025-11-01T14:11:18.041Z  + @vercel/blob 2.0.0
2025-11-01T14:11:18.041Z  + @vercel/speed-insights 1.2.0
2025-11-01T14:11:18.042Z  + class-variance-authority 0.7.1
2025-11-01T14:11:18.042Z  + clsx 2.1.1
2025-11-01T14:11:18.043Z  + date-fns 4.1.0
2025-11-01T14:11:18.043Z  + embla-carousel-react 8.5.1
2025-11-01T14:11:18.043Z  + geist 1.5.1
2025-11-01T14:11:18.043Z  + input-otp 1.4.1
2025-11-01T14:11:18.044Z  + lucide-react 0.454.0
2025-11-01T14:11:18.044Z  + next 14.2.16
2025-11-01T14:11:18.044Z  + next-themes 0.4.6
2025-11-01T14:11:18.044Z  + react 18.3.1
2025-11-01T14:11:18.044Z  + react-day-picker 9.8.0
2025-11-01T14:11:18.044Z  + react-dom 18.3.1
2025-11-01T14:11:18.044Z  + react-hook-form 7.65.0
2025-11-01T14:11:18.045Z  + react-resizable-panels 2.1.9
2025-11-01T14:11:18.045Z  + recharts 2.15.4
2025-11-01T14:11:18.045Z  + sonner 2.0.7
2025-11-01T14:11:18.045Z  + stripe 19.2.0
2025-11-01T14:11:18.045Z  + tailwind-merge 2.6.0
2025-11-01T14:11:18.045Z  + tailwindcss-animate 1.0.7
2025-11-01T14:11:18.045Z  + vaul 0.9.9
2025-11-01T14:11:18.046Z  + web-push 3.6.7
2025-11-01T14:11:18.046Z  + zod 3.25.76
2025-11-01T14:11:18.046Z  
2025-11-01T14:11:18.046Z  devDependencies:
2025-11-01T14:11:18.046Z  + @playwright/test 1.56.1
2025-11-01T14:11:18.046Z  + @tailwindcss/postcss 4.1.16
2025-11-01T14:11:18.046Z  + @types/node 22.18.13
2025-11-01T14:11:18.046Z  + @types/react 18.3.26
2025-11-01T14:11:18.047Z  + @types/react-dom 18.3.7
2025-11-01T14:11:18.047Z  + postcss 8.5.6
2025-11-01T14:11:18.047Z  + tailwindcss 4.1.16
2025-11-01T14:11:18.047Z  + tw-animate-css 1.3.3
2025-11-01T14:11:18.047Z  + typescript 5.9.3
2025-11-01T14:11:18.047Z  
2025-11-01T14:11:18.047Z  ╭ Warning ─────────────────────────────────────────────────────────────────────╮
2025-11-01T14:11:18.048Z  │                                                                              │
2025-11-01T14:11:18.048Z  │   Ignored build scripts: @vercel/speed-insights.                             │
2025-11-01T14:11:18.048Z  │   Run "pnpm approve-builds" to pick which dependencies should be allowed     │
2025-11-01T14:11:18.048Z  │   to run scripts.                                                            │
2025-11-01T14:11:18.048Z  │                                                                              │
2025-11-01T14:11:18.048Z  ╰──────────────────────────────────────────────────────────────────────────────╯
2025-11-01T14:11:18.049Z  
2025-11-01T14:11:18.061Z  Done in 15.4s using pnpm v10.20.0
2025-11-01T14:11:18.095Z  Detected Next.js version: 14.2.16
2025-11-01T14:11:18.096Z  Running "next build"
2025-11-01T14:11:18.787Z   ⚠ Disabling SWC Minifer will not be an option in the next major version. Please report any issues you may be experiencing to https://github.com/vercel/next.js/issues
2025-11-01T14:11:18.794Z  Attention: Next.js now collects completely anonymous telemetry regarding usage.
2025-11-01T14:11:18.795Z  This information is used to shape Next.js' roadmap and prioritize features.
2025-11-01T14:11:18.795Z  You can learn more, including how to opt-out if you'd not like to participate in this anonymous program, by visiting the following URL:
2025-11-01T14:11:18.795Z  https://nextjs.org/telemetry
2025-11-01T14:11:18.796Z  
2025-11-01T14:11:18.881Z    ▲ Next.js 14.2.16
2025-11-01T14:11:18.881Z  
2025-11-01T14:11:18.940Z     Creating an optimized production build ...
2025-11-01T14:11:48.167Z  Failed to compile.
2025-11-01T14:11:48.167Z  
2025-11-01T14:11:48.168Z  ./components/enhanced-signup-form.tsx
2025-11-01T14:11:48.168Z  Module not found: Can't resolve 'country-state-city'
2025-11-01T14:11:48.168Z  
2025-11-01T14:11:48.168Z  https://nextjs.org/docs/messages/module-not-found
2025-11-01T14:11:48.168Z  
2025-11-01T14:11:48.168Z  Import trace for requested module:
2025-11-01T14:11:48.168Z  ./app/auth/sign-up/page.tsx
2025-11-01T14:11:48.168Z  
2025-11-01T14:11:48.168Z  ./components/enhanced-signup-form.tsx
2025-11-01T14:11:48.168Z  Module not found: Can't resolve 'react-phone-number-input'
2025-11-01T14:11:48.168Z  
2025-11-01T14:11:48.168Z  https://nextjs.org/docs/messages/module-not-found
2025-11-01T14:11:48.168Z  
2025-11-01T14:11:48.168Z  Import trace for requested module:
2025-11-01T14:11:48.168Z  ./app/auth/sign-up/page.tsx
2025-11-01T14:11:48.168Z  
2025-11-01T14:11:48.180Z  
2025-11-01T14:11:48.181Z  > Build failed because of webpack errors
2025-11-01T14:11:48.200Z  Error: Command "next build" exited with 1
